c:\users\stephen\source\repos\arcadeapp\arcadeapp\debug\vc142.pdb
c:\users\stephen\source\repos\arcadeapp\arcadeapp\debug\vc142.idb
c:\users\stephen\source\repos\arcadeapp\arcadeapp\debug\utils.obj
c:\users\stephen\source\repos\arcadeapp\arcadeapp\debug\filecommandloader.obj
c:\users\stephen\source\repos\arcadeapp\arcadeapp\debug\arcadeapp.obj
c:\users\stephen\source\repos\arcadeapp\arcadeapp\debug\dynamicintarray.obj
c:\users\stephen\source\repos\arcadeapp\arcadeapp\debug\triangle.obj
c:\users\stephen\source\repos\arcadeapp\arcadeapp\debug\line2d.obj
c:\users\stephen\source\repos\arcadeapp\arcadeapp\debug\color.obj
c:\users\stephen\source\repos\arcadeapp\arcadeapp\debug\screenbuffer.obj
c:\users\stephen\source\repos\arcadeapp\arcadeapp\debug\screen.obj
c:\users\stephen\source\repos\arcadeapp\arcadeapp\debug\shape.obj
c:\users\stephen\source\repos\arcadeapp\arcadeapp\debug\aarectangle.obj
c:\users\stephen\source\repos\arcadeapp\arcadeapp\debug\circle.obj
c:\users\stephen\source\repos\arcadeapp\arcadeapp\debug\gamescene.obj
c:\users\stephen\source\repos\arcadeapp\arcadeapp\debug\arcadescene.obj
c:\users\stephen\source\repos\arcadeapp\arcadeapp\debug\inputcontroller.obj
c:\users\stephen\source\repos\arcadeapp\arcadeapp\debug\gamecontroller.obj
c:\users\stephen\source\repos\arcadeapp\arcadeapp\debug\paddle.obj
c:\users\stephen\source\repos\arcadeapp\arcadeapp\debug\excluder.obj
c:\users\stephen\source\repos\arcadeapp\arcadeapp\debug\breakout.obj
c:\users\stephen\source\repos\arcadeapp\arcadeapp\debug\app.obj
c:\users\stephen\source\repos\arcadeapp\arcadeapp\debug\star2d.obj
c:\users\stephen\source\repos\arcadeapp\arcadeapp\debug\vec2d.obj
c:\users\stephen\source\repos\arcadeapp\arcadeapp\debug\ball.obj
c:\users\stephen\source\repos\arcadeapp\arcadeapp\debug\levelboundary.obj
c:\users\stephen\source\repos\arcadeapp\debug\arcadeapp.exe
c:\users\stephen\source\repos\arcadeapp\debug\arcadeapp.ilk
c:\users\stephen\source\repos\arcadeapp\debug\arcadeapp.pdb
c:\users\stephen\source\repos\arcadeapp\arcadeapp\debug\arcadeapp.tlog\cl.command.1.tlog
c:\users\stephen\source\repos\arcadeapp\arcadeapp\debug\arcadeapp.tlog\cl.read.1.tlog
c:\users\stephen\source\repos\arcadeapp\arcadeapp\debug\arcadeapp.tlog\cl.write.1.tlog
c:\users\stephen\source\repos\arcadeapp\arcadeapp\debug\arcadeapp.tlog\link.command.1.tlog
c:\users\stephen\source\repos\arcadeapp\arcadeapp\debug\arcadeapp.tlog\link.read.1.tlog
c:\users\stephen\source\repos\arcadeapp\arcadeapp\debug\arcadeapp.tlog\link.write.1.tlog
