  GhostAI.cpp
C:\Users\Stephen\source\repos\ArcadeApp\ArcadeApp\src\Games\GhostAI.cpp(123,49): warning C4244: 'argument': conversion from 'int' to 'float', possible loss of data
C:\Users\Stephen\source\repos\ArcadeApp\ArcadeApp\src\Games\GhostAI.cpp(127,25): warning C4244: 'initializing': conversion from 'float' to 'int', possible loss of data
  Pacman.cpp
  PacmanGame.cpp
C:\Users\Stephen\source\repos\ArcadeApp\ArcadeApp\src\Games\PacMan\PacmanGame.cpp(98,98): warning C4244: 'argument': conversion from 'float' to 'unsigned int', possible loss of data
C:\Users\Stephen\source\repos\ArcadeApp\ArcadeApp\src\Games\PacMan\PacmanGame.cpp(161,98): warning C4244: 'argument': conversion from 'uint32_t' to 'float', possible loss of data
C:\Users\Stephen\source\repos\ArcadeApp\ArcadeApp\src\Games\PacMan\PacmanGame.cpp(161,66): warning C4244: 'argument': conversion from 'int' to 'float', possible loss of data
C:\Users\Stephen\source\repos\ArcadeApp\ArcadeApp\src\Games\PacMan\PacmanGame.cpp(168,66): warning C4244: 'argument': conversion from 'uint32_t' to 'float', possible loss of data
C:\Users\Stephen\source\repos\ArcadeApp\ArcadeApp\src\Games\PacMan\PacmanGame.cpp(169,88): warning C4244: 'argument': conversion from 'uint32_t' to 'float', possible loss of data
C:\Users\Stephen\source\repos\ArcadeApp\ArcadeApp\src\Games\PacMan\PacmanGame.cpp(169,61): warning C4244: 'argument': conversion from 'uint32_t' to 'float', possible loss of data
C:\Users\Stephen\source\repos\ArcadeApp\ArcadeApp\src\Games\PacMan\PacmanGame.cpp(171,66): warning C4244: 'argument': conversion from 'uint32_t' to 'float', possible loss of data
C:\Users\Stephen\source\repos\ArcadeApp\ArcadeApp\src\Games\PacMan\PacmanGame.cpp(183,65): warning C4244: 'argument': conversion from 'float' to 'int', possible loss of data
C:\Users\Stephen\source\repos\ArcadeApp\ArcadeApp\src\Games\PacMan\PacmanGame.cpp(195,59): warning C4244: 'argument': conversion from 'float' to 'int', possible loss of data
C:\Users\Stephen\source\repos\ArcadeApp\ArcadeApp\src\Games\PacMan\PacmanGame.cpp(206,62): warning C4244: 'argument': conversion from 'float' to 'int', possible loss of data
C:\Users\Stephen\source\repos\ArcadeApp\ArcadeApp\src\Games\PacMan\PacmanGame.cpp(217,62): warning C4244: 'argument': conversion from 'float' to 'int', possible loss of data
  PacmanLevel.cpp
C:\Users\Stephen\source\repos\ArcadeApp\ArcadeApp\src\Games\PacMan\PacmanLevel.cpp(87,73): warning C4244: 'argument': conversion from 'float' to 'unsigned int', possible loss of data
C:\Users\Stephen\source\repos\ArcadeApp\ArcadeApp\src\Games\PacMan\PacmanLevel.cpp(361,17): warning C4244: 'initializing': conversion from 'float' to 'int', possible loss of data
C:\Users\Stephen\source\repos\ArcadeApp\ArcadeApp\src\Games\PacMan\PacmanLevel.cpp(362,21): warning C4018: '<': signed/unsigned mismatch
C:\Users\Stephen\source\repos\ArcadeApp\ArcadeApp\src\Games\PacMan\PacmanLevel.cpp(367,28): warning C4244: 'argument': conversion from 'int' to 'float', possible loss of data
C:\Users\Stephen\source\repos\ArcadeApp\ArcadeApp\src\Games\PacMan\PacmanLevel.cpp(372,34): warning C4244: 'argument': conversion from 'int' to 'float', possible loss of data
C:\Users\Stephen\source\repos\ArcadeApp\ArcadeApp\src\Games\PacMan\PacmanLevel.cpp(378,34): warning C4244: 'argument': conversion from 'int' to 'float', possible loss of data
C:\Users\Stephen\source\repos\ArcadeApp\ArcadeApp\src\Games\PacMan\PacmanLevel.cpp(417,28): warning C4244: 'argument': conversion from 'int' to 'float', possible loss of data
C:\Users\Stephen\source\repos\ArcadeApp\ArcadeApp\src\Games\PacMan\PacmanLevel.cpp(467,20): warning C4018: '<': signed/unsigned mismatch
C:\Users\Stephen\source\repos\ArcadeApp\ArcadeApp\src\Games\PacMan\PacmanLevel.cpp(515,16): warning C4244: 'initializing': conversion from 'float' to 'int', possible loss of data
C:\Users\Stephen\source\repos\ArcadeApp\ArcadeApp\src\Games\PacMan\PacmanLevel.cpp(518,48): warning C4244: 'initializing': conversion from 'float' to 'int', possible loss of data
C:\Users\Stephen\source\repos\ArcadeApp\ArcadeApp\src\Games\PacMan\PacmanLevel.cpp(518,25): warning C4244: 'initializing': conversion from 'float' to 'const int', possible loss of data
C:\Users\Stephen\source\repos\ArcadeApp\ArcadeApp\src\Games\PacMan\PacmanLevel.cpp(526,38): warning C4018: '<': signed/unsigned mismatch
C:\Users\Stephen\source\repos\ArcadeApp\ArcadeApp\src\Games\PacMan\PacmanLevel.cpp(534,42): warning C4244: 'argument': conversion from 'int' to 'float', possible loss of data
C:\Users\Stephen\source\repos\ArcadeApp\ArcadeApp\src\Games\PacMan\PacmanLevel.cpp(534,35): warning C4244: 'argument': conversion from 'int' to 'float', possible loss of data
C:\Users\Stephen\source\repos\ArcadeApp\ArcadeApp\src\Games\PacMan\PacmanLevel.cpp(544,43): warning C4244: 'argument': conversion from 'int' to 'float', possible loss of data
C:\Users\Stephen\source\repos\ArcadeApp\ArcadeApp\src\Games\PacMan\PacmanLevel.cpp(544,41): warning C4244: 'argument': conversion from 'int' to 'float', possible loss of data
C:\Users\Stephen\source\repos\ArcadeApp\ArcadeApp\src\Games\PacMan\PacmanLevel.cpp(583,27): warning C4018: '>=': signed/unsigned mismatch
  PacmanStartScene.cpp
  Generating Code...
  ArcadeApp.vcxproj -> C:\Users\Stephen\source\repos\ArcadeApp\Debug\ArcadeApp.exe
